<?xml version="1.0" encoding="UTF-8"?>
<testsuite name="BaseDiceTest" tests="1" skipped="0" failures="0" errors="0" timestamp="2021-11-18T18:43:11" hostname="DESKTOP-47GLMEM" time="0.027">
  <properties/>
  <testcase name="combinations()" classname="BaseDiceTest" time="0.027"/>
  <system-out><![CDATA[]]></system-out>
  <system-err><![CDATA[]]></system-err>
</testsuite>
